<?xml version="1.0" encoding="UTF-8"?>
<!-- Generated by org.testng.reporters.JUnitReportReporter -->
<testsuite skipped="0" hostname="Kuldeeps-MacBook-Air.local" name="page.classes.SmokeTest" tests="5" failures="0" timestamp="01 Feb 2020 14:44:59 GMT" time="12.148" errors="0">
  <testcase name="Login" time="5.061" classname="page.classes.SmokeTest"/>
  <testcase name="p2pChat" time="5.038" classname="page.classes.SmokeTest"/>
  <testcase name="SendFile" time="2.015" classname="page.classes.SmokeTest"/>
  <testcase name="Emoticon" time="0.019" classname="page.classes.SmokeTest"/>
  <testcase name="ReplyMessage" time="0.015" classname="page.classes.SmokeTest"/>
</testsuite> <!-- page.classes.SmokeTest -->
