<?xml version="1.0" encoding="UTF-8"?>
<!-- Generated by org.testng.reporters.JUnitReportReporter -->
<testsuite skipped="0" hostname="Manishs-MacBook-Air.local" name="page.classes.PageObjectModel" tests="1" failures="0" timestamp="09 Nov 2019 07:09:14 GMT" time="100.527" errors="0">
  <testcase name="login" time="100.527" classname="page.classes.PageObjectModel"/>
</testsuite> <!-- page.classes.PageObjectModel -->
